# JRE version: OpenJDK Runtime Environment (22.0.2+9) (build 22.0.2+9-70)
# Java VM: OpenJDK 64-Bit Server VM (22.0.2+9-70, mixed mode, sharing, tiered, compressed oops, compressed class ptrs, g1 gc, windows-amd64)
GC Precious Log:
 CardTable entry size: 512
 Card Set container configuration: InlinePtr #cards 4 size 8 Array Of Cards #cards 16 size 48 Howl #buckets 8 coarsen threshold 3686 Howl Bitmap #cards 512 size 80 coarsen threshold 460 Card regions per heap region 1 cards per card region 4096
 CPUs: 8 total, 8 available
 Memory: 16151M
 Large Page Support: Disabled
 NUMA Support: Disabled
 Compressed Oops: Enabled (Zero based)
 Heap Region Size: 2M
 Heap Min Capacity: 8M
 Heap Initial Capacity: 254M
 Heap Max Capacity: 4038M
 Pre-touch: Disabled
 Parallel Workers: 8
 Concurrent Workers: 2
 Concurrent Refinement Workers: 8
 Periodic GC: Disabled
Heap:
 garbage-first heap   total reserved 4134912K, committed 90112K, used 67102K [0x0000000703a00000, 0x0000000800000000)
  region size 2048K, 21 young (43008K), 2 survivors (4096K)
 Metaspace       used 76524K, committed 77376K, reserved 1179648K
  class space    used 10047K, committed 10432K, reserved 1048576K
GC Heap History (20 events):
Event: 1.794 GC heap before
{Heap before GC invocations=2 (full 0):
 garbage-first heap   total reserved 4134912K, committed 260096K, used 38335K [0x0000000703a00000, 0x0000000800000000)
  region size 2048K, 18 young (36864K), 2 survivors (4096K)
 Metaspace       used 21265K, committed 21504K, reserved 1114112K
  class space    used 2580K, committed 2688K, reserved 1048576K
}
Event: 1.797 GC heap after
{Heap after GC invocations=3 (full 0):
 garbage-first heap   total reserved 4134912K, committed 260096K, used 12774K [0x0000000703a00000, 0x0000000800000000)
  region size 2048K, 4 young (8192K), 4 survivors (8192K)
 Metaspace       used 21265K, committed 21504K, reserved 1114112K
  class space    used 2580K, committed 2688K, reserved 1048576K
}
Event: 2.178 GC heap before
{Heap before GC invocations=4 (full 0):
 garbage-first heap   total reserved 4134912K, committed 55296K, used 37350K [0x0000000703a00000, 0x0000000800000000)
  region size 2048K, 16 young (32768K), 4 survivors (8192K)
 Metaspace       used 24984K, committed 25344K, reserved 1114112K
  class space    used 3124K, committed 3264K, reserved 1048576K
}
Event: 2.183 GC heap after
{Heap after GC invocations=5 (full 0):
 garbage-first heap   total reserved 4134912K, committed 55296K, used 14949K [0x0000000703a00000, 0x0000000800000000)
  region size 2048K, 2 young (4096K), 2 survivors (4096K)
 Metaspace       used 24984K, committed 25344K, reserved 1114112K
  class space    used 3124K, committed 3264K, reserved 1048576K
}
Event: 2.530 GC heap before
{Heap before GC invocations=5 (full 0):
 garbage-first heap   total reserved 4134912K, committed 55296K, used 37477K [0x0000000703a00000, 0x0000000800000000)
  region size 2048K, 14 young (28672K), 2 survivors (4096K)
 Metaspace       used 30003K, committed 30464K, reserved 1114112K
  class space    used 3819K, committed 4032K, reserved 1048576K
}
Event: 2.533 GC heap after
{Heap after GC invocations=6 (full 0):
 garbage-first heap   total reserved 4134912K, committed 55296K, used 17422K [0x0000000703a00000, 0x0000000800000000)
  region size 2048K, 2 young (4096K), 2 survivors (4096K)
 Metaspace       used 30003K, committed 30464K, reserved 1114112K
  class space    used 3819K, committed 4032K, reserved 1048576K
}
Event: 2.828 GC heap before
{Heap before GC invocations=6 (full 0):
 garbage-first heap   total reserved 4134912K, committed 55296K, used 39950K [0x0000000703a00000, 0x0000000800000000)
  region size 2048K, 14 young (28672K), 2 survivors (4096K)
 Metaspace       used 35645K, committed 36160K, reserved 1114112K
  class space    used 4691K, committed 4928K, reserved 1048576K
}
Event: 2.831 GC heap after
{Heap after GC invocations=7 (full 0):
 garbage-first heap   total reserved 4134912K, committed 55296K, used 18855K [0x0000000703a00000, 0x0000000800000000)
  region size 2048K, 1 young (2048K), 1 survivors (2048K)
 Metaspace       used 35645K, committed 36160K, reserved 1114112K
  class space    used 4691K, committed 4928K, reserved 1048576K
}
Event: 3.335 GC heap before
{Heap before GC invocations=8 (full 0):
 garbage-first heap   total reserved 4134912K, committed 55296K, used 41383K [0x0000000703a00000, 0x0000000800000000)
  region size 2048K, 13 young (26624K), 1 survivors (2048K)
 Metaspace       used 46255K, committed 46784K, reserved 1114112K
  class space    used 6089K, committed 6336K, reserved 1048576K
}
Event: 3.337 GC heap after
{Heap after GC invocations=9 (full 0):
 garbage-first heap   total reserved 4134912K, committed 55296K, used 21308K [0x0000000703a00000, 0x0000000800000000)
  region size 2048K, 2 young (4096K), 2 survivors (4096K)
 Metaspace       used 46255K, committed 46784K, reserved 1114112K
  class space    used 6089K, committed 6336K, reserved 1048576K
}
Event: 3.652 GC heap before
{Heap before GC invocations=9 (full 0):
 garbage-first heap   total reserved 4134912K, committed 55296K, used 43836K [0x0000000703a00000, 0x0000000800000000)
  region size 2048K, 14 young (28672K), 2 survivors (4096K)
 Metaspace       used 53530K, committed 54016K, reserved 1114112K
  class space    used 7070K, committed 7296K, reserved 1048576K
}
Event: 3.656 GC heap after
{Heap after GC invocations=10 (full 0):
 garbage-first heap   total reserved 4134912K, committed 55296K, used 22923K [0x0000000703a00000, 0x0000000800000000)
  region size 2048K, 1 young (2048K), 1 survivors (2048K)
 Metaspace       used 53530K, committed 54016K, reserved 1114112K
  class space    used 7070K, committed 7296K, reserved 1048576K
}
Event: 3.922 GC heap before
{Heap before GC invocations=10 (full 0):
 garbage-first heap   total reserved 4134912K, committed 55296K, used 43403K [0x0000000703a00000, 0x0000000800000000)
  region size 2048K, 12 young (24576K), 1 survivors (2048K)
 Metaspace       used 57469K, committed 58048K, reserved 1114112K
  class space    used 7744K, committed 8000K, reserved 1048576K
}
Event: 3.924 GC heap after
{Heap after GC invocations=11 (full 0):
 garbage-first heap   total reserved 4134912K, committed 157696K, used 23605K [0x0000000703a00000, 0x0000000800000000)
  region size 2048K, 2 young (4096K), 2 survivors (4096K)
 Metaspace       used 57469K, committed 58048K, reserved 1114112K
  class space    used 7744K, committed 8000K, reserved 1048576K
}
Event: 4.075 GC heap before
{Heap before GC invocations=11 (full 0):
 garbage-first heap   total reserved 4134912K, committed 157696K, used 31797K [0x0000000703a00000, 0x0000000800000000)
  region size 2048K, 7 young (14336K), 2 survivors (4096K)
 Metaspace       used 60175K, committed 60736K, reserved 1114112K
  class space    used 8154K, committed 8384K, reserved 1048576K
}
Event: 4.079 GC heap after
{Heap after GC invocations=12 (full 0):
 garbage-first heap   total reserved 4134912K, committed 157696K, used 24224K [0x0000000703a00000, 0x0000000800000000)
  region size 2048K, 2 young (4096K), 2 survivors (4096K)
 Metaspace       used 60175K, committed 60736K, reserved 1114112K
  class space    used 8154K, committed 8384K, reserved 1048576K
}
Event: 4.764 GC heap before
{Heap before GC invocations=13 (full 0):
 garbage-first heap   total reserved 4134912K, committed 90112K, used 73376K [0x0000000703a00000, 0x0000000800000000)
  region size 2048K, 26 young (53248K), 2 survivors (4096K)
 Metaspace       used 66442K, committed 67200K, reserved 1114112K
  class space    used 9012K, committed 9344K, reserved 1048576K
}
Event: 4.769 GC heap after
{Heap after GC invocations=14 (full 0):
 garbage-first heap   total reserved 4134912K, committed 90112K, used 29581K [0x0000000703a00000, 0x0000000800000000)
  region size 2048K, 4 young (8192K), 4 survivors (8192K)
 Metaspace       used 66442K, committed 67200K, reserved 1114112K
  class space    used 9012K, committed 9344K, reserved 1048576K
}
Event: 1256.500 GC heap before
{Heap before GC invocations=14 (full 0):
 garbage-first heap   total reserved 4134912K, committed 90112K, used 70541K [0x0000000703a00000, 0x0000000800000000)
  region size 2048K, 25 young (51200K), 4 survivors (8192K)
 Metaspace       used 74299K, committed 75136K, reserved 1114112K
  class space    used 9908K, committed 10304K, reserved 1048576K
}
Event: 1256.508 GC heap after
{Heap after GC invocations=15 (full 0):
 garbage-first heap   total reserved 4134912K, committed 90112K, used 32286K [0x0000000703a00000, 0x0000000800000000)
  region size 2048K, 2 young (4096K), 2 survivors (4096K)
 Metaspace       used 74299K, committed 75136K, reserved 1114112K
  class space    used 9908K, committed 10304K, reserved 1048576K
}

