# JRE version: OpenJDK Runtime Environment (22.0.2+9) (build 22.0.2+9-70)
# Java VM: OpenJDK 64-Bit Server VM (22.0.2+9-70, mixed mode, sharing, tiered, compressed oops, compressed class ptrs, g1 gc, windows-amd64)
GC Precious Log:
 CardTable entry size: 512
 Card Set container configuration: InlinePtr #cards 4 size 8 Array Of Cards #cards 16 size 48 Howl #buckets 8 coarsen threshold 3686 Howl Bitmap #cards 512 size 80 coarsen threshold 460 Card regions per heap region 1 cards per card region 4096
 CPUs: 8 total, 8 available
 Memory: 16151M
 Large Page Support: Disabled
 NUMA Support: Disabled
 Compressed Oops: Enabled (Zero based)
 Heap Region Size: 2M
 Heap Min Capacity: 8M
 Heap Initial Capacity: 254M
 Heap Max Capacity: 4038M
 Pre-touch: Disabled
 Parallel Workers: 8
 Concurrent Workers: 2
 Concurrent Refinement Workers: 8
 Periodic GC: Disabled
Heap:
 garbage-first heap   total reserved 4134912K, committed 90112K, used 30746K [0x0000000703a00000, 0x0000000800000000)
  region size 2048K, 7 young (14336K), 3 survivors (6144K)
 Metaspace       used 60843K, committed 61376K, reserved 1114112K
  class space    used 8270K, committed 8512K, reserved 1048576K
GC Heap History (20 events):
Event: 0.753 GC heap before
{Heap before GC invocations=1 (full 0):
 garbage-first heap   total reserved 4134912K, committed 260096K, used 39402K [0x0000000703a00000, 0x0000000800000000)
  region size 2048K, 18 young (36864K), 2 survivors (4096K)
 Metaspace       used 16595K, committed 16896K, reserved 1114112K
  class space    used 2026K, committed 2176K, reserved 1048576K
}
Event: 0.756 GC heap after
{Heap after GC invocations=2 (full 0):
 garbage-first heap   total reserved 4134912K, committed 260096K, used 9474K [0x0000000703a00000, 0x0000000800000000)
  region size 2048K, 2 young (4096K), 2 survivors (4096K)
 Metaspace       used 16595K, committed 16896K, reserved 1114112K
  class space    used 2026K, committed 2176K, reserved 1048576K
}
Event: 1.162 GC heap before
{Heap before GC invocations=2 (full 0):
 garbage-first heap   total reserved 4134912K, committed 260096K, used 40194K [0x0000000703a00000, 0x0000000800000000)
  region size 2048K, 18 young (36864K), 2 survivors (4096K)
 Metaspace       used 21234K, committed 21504K, reserved 1114112K
  class space    used 2570K, committed 2688K, reserved 1048576K
}
Event: 1.165 GC heap after
{Heap after GC invocations=3 (full 0):
 garbage-first heap   total reserved 4134912K, committed 260096K, used 12700K [0x0000000703a00000, 0x0000000800000000)
  region size 2048K, 3 young (6144K), 3 survivors (6144K)
 Metaspace       used 21234K, committed 21504K, reserved 1114112K
  class space    used 2570K, committed 2688K, reserved 1048576K
}
Event: 1.495 GC heap before
{Heap before GC invocations=4 (full 0):
 garbage-first heap   total reserved 4134912K, committed 49152K, used 35228K [0x0000000703a00000, 0x0000000800000000)
  region size 2048K, 14 young (28672K), 3 survivors (6144K)
 Metaspace       used 24815K, committed 25280K, reserved 1114112K
  class space    used 3099K, committed 3328K, reserved 1048576K
}
Event: 1.499 GC heap after
{Heap after GC invocations=5 (full 0):
 garbage-first heap   total reserved 4134912K, committed 49152K, used 14792K [0x0000000703a00000, 0x0000000800000000)
  region size 2048K, 2 young (4096K), 2 survivors (4096K)
 Metaspace       used 24815K, committed 25280K, reserved 1114112K
  class space    used 3099K, committed 3328K, reserved 1048576K
}
Event: 1.875 GC heap before
{Heap before GC invocations=5 (full 0):
 garbage-first heap   total reserved 4134912K, committed 49152K, used 35272K [0x0000000703a00000, 0x0000000800000000)
  region size 2048K, 12 young (24576K), 2 survivors (4096K)
 Metaspace       used 29331K, committed 29824K, reserved 1114112K
  class space    used 3720K, committed 3968K, reserved 1048576K
}
Event: 1.879 GC heap after
{Heap after GC invocations=6 (full 0):
 garbage-first heap   total reserved 4134912K, committed 49152K, used 16652K [0x0000000703a00000, 0x0000000800000000)
  region size 2048K, 2 young (4096K), 2 survivors (4096K)
 Metaspace       used 29331K, committed 29824K, reserved 1114112K
  class space    used 3720K, committed 3968K, reserved 1048576K
}
Event: 2.197 GC heap before
{Heap before GC invocations=6 (full 0):
 garbage-first heap   total reserved 4134912K, committed 49152K, used 35084K [0x0000000703a00000, 0x0000000800000000)
  region size 2048K, 12 young (24576K), 2 survivors (4096K)
 Metaspace       used 34092K, committed 34688K, reserved 1114112K
  class space    used 4419K, committed 4672K, reserved 1048576K
}
Event: 2.199 GC heap after
{Heap after GC invocations=7 (full 0):
 garbage-first heap   total reserved 4134912K, committed 49152K, used 18168K [0x0000000703a00000, 0x0000000800000000)
  region size 2048K, 2 young (4096K), 2 survivors (4096K)
 Metaspace       used 34092K, committed 34688K, reserved 1114112K
  class space    used 4419K, committed 4672K, reserved 1048576K
}
Event: 2.273 GC heap before
{Heap before GC invocations=7 (full 0):
 garbage-first heap   total reserved 4134912K, committed 49152K, used 22264K [0x0000000703a00000, 0x0000000800000000)
  region size 2048K, 5 young (10240K), 2 survivors (4096K)
 Metaspace       used 35559K, committed 36096K, reserved 1114112K
  class space    used 4682K, committed 4928K, reserved 1048576K
}
Event: 2.275 GC heap after
{Heap after GC invocations=8 (full 0):
 garbage-first heap   total reserved 4134912K, committed 49152K, used 18764K [0x0000000703a00000, 0x0000000800000000)
  region size 2048K, 1 young (2048K), 1 survivors (2048K)
 Metaspace       used 35559K, committed 36096K, reserved 1114112K
  class space    used 4682K, committed 4928K, reserved 1048576K
}
Event: 2.665 GC heap before
{Heap before GC invocations=9 (full 0):
 garbage-first heap   total reserved 4134912K, committed 49152K, used 39244K [0x0000000703a00000, 0x0000000800000000)
  region size 2048K, 11 young (22528K), 1 survivors (2048K)
 Metaspace       used 44809K, committed 45376K, reserved 1114112K
  class space    used 5852K, committed 6144K, reserved 1048576K
}
Event: 2.667 GC heap after
{Heap after GC invocations=10 (full 0):
 garbage-first heap   total reserved 4134912K, committed 49152K, used 20688K [0x0000000703a00000, 0x0000000800000000)
  region size 2048K, 2 young (4096K), 2 survivors (4096K)
 Metaspace       used 44809K, committed 45376K, reserved 1114112K
  class space    used 5852K, committed 6144K, reserved 1048576K
}
Event: 2.894 GC heap before
{Heap before GC invocations=10 (full 0):
 garbage-first heap   total reserved 4134912K, committed 49152K, used 37072K [0x0000000703a00000, 0x0000000800000000)
  region size 2048K, 11 young (22528K), 2 survivors (4096K)
 Metaspace       used 49550K, committed 50048K, reserved 1114112K
  class space    used 6482K, committed 6720K, reserved 1048576K
}
Event: 2.897 GC heap after
{Heap after GC invocations=11 (full 0):
 garbage-first heap   total reserved 4134912K, committed 49152K, used 21497K [0x0000000703a00000, 0x0000000800000000)
  region size 2048K, 2 young (4096K), 2 survivors (4096K)
 Metaspace       used 49550K, committed 50048K, reserved 1114112K
  class space    used 6482K, committed 6720K, reserved 1048576K
}
Event: 3.133 GC heap before
{Heap before GC invocations=11 (full 0):
 garbage-first heap   total reserved 4134912K, committed 49152K, used 37881K [0x0000000703a00000, 0x0000000800000000)
  region size 2048K, 11 young (22528K), 2 survivors (4096K)
 Metaspace       used 55374K, committed 56000K, reserved 1114112K
  class space    used 7462K, committed 7744K, reserved 1048576K
}
Event: 3.136 GC heap after
{Heap after GC invocations=12 (full 0):
 garbage-first heap   total reserved 4134912K, committed 155648K, used 22576K [0x0000000703a00000, 0x0000000800000000)
  region size 2048K, 2 young (4096K), 2 survivors (4096K)
 Metaspace       used 55374K, committed 56000K, reserved 1114112K
  class space    used 7462K, committed 7744K, reserved 1048576K
}
Event: 3.438 GC heap before
{Heap before GC invocations=12 (full 0):
 garbage-first heap   total reserved 4134912K, committed 155648K, used 38960K [0x0000000703a00000, 0x0000000800000000)
  region size 2048K, 12 young (24576K), 2 survivors (4096K)
 Metaspace       used 60052K, committed 60608K, reserved 1114112K
  class space    used 8063K, committed 8320K, reserved 1048576K
}
Event: 3.441 GC heap after
{Heap after GC invocations=13 (full 0):
 garbage-first heap   total reserved 4134912K, committed 155648K, used 24602K [0x0000000703a00000, 0x0000000800000000)
  region size 2048K, 3 young (6144K), 3 survivors (6144K)
 Metaspace       used 60052K, committed 60608K, reserved 1114112K
  class space    used 8063K, committed 8320K, reserved 1048576K
}

